-------------------------------------------
Batch: 0
-------------------------------------------
+--------------------+-----+
|            customer|score|
+--------------------+-----+
|Larry.Davis@test.com|-31.5|
|Christina.Hansen@...| -0.5|
|Jason.Clayton@tes...|-28.0|
|Trevor.Khatib@tes...|-21.0|
|Edward.Davis@test...| -1.5|
|Jacob.Khatib@test...| -3.0|
|Eric.Harris@test.com| -2.5|
| Spencer.Wu@test.com| -1.0|
|Christina.Jones@t...| -5.5|
|Chris.Fibonnaci@t...| -1.0|
|Ashley.Smith@test...| -2.0|
|Eric.Phillips@tes...| -3.0|
|Trevor.Hansen@tes...| -4.5|
|Eric.Clayton@test...| -5.0|
|Travis.Olson@test...| -9.0|
|Jason.Aristotle@t...| -1.0|
|Jacob.Jackson@tes...| 10.0|
|Ashley.Anderson@t...|-10.5|
|Larry.Davis@test.com|  2.0|
|Christina.Hansen@...|  5.0|
+--------------------+-----+
only showing top 20 rows

-------------------------------------------
Batch: 1
-------------------------------------------
+--------------------+-----+
|            customer|score|
+--------------------+-----+
|Christina.Hansen@...|-33.0|
|Jason.Clayton@tes...|  4.5|
|Trevor.Khatib@tes...| 24.5|
|Edward.Davis@test...| -6.0|
|Jacob.Khatib@test...| -2.0|
|Eric.Harris@test.com| -4.0|
| Spencer.Wu@test.com| -2.5|
+--------------------+-----+

-------------------------------------------
Batch: 2
-------------------------------------------
+--------------------+-----+
|            customer|score|
+--------------------+-----+
|Christina.Jones@t...| -4.0|
+--------------------+-----+

-------------------------------------------
Batch: 3
-------------------------------------------
+--------------------+-----+
|            customer|score|
+--------------------+-----+
|Chris.Fibonnaci@t...| -2.0|
+--------------------+-----+

-------------------------------------------
Batch: 4
-------------------------------------------
+--------------------+-----+
|            customer|score|
+--------------------+-----+
|Ashley.Smith@test...| -4.0|
+--------------------+-----+

-------------------------------------------
Batch: 5
-------------------------------------------
+--------------------+-----+
|            customer|score|
+--------------------+-----+
|Eric.Phillips@tes...| -1.5|
+--------------------+-----+

